<?xml version="1.0" encoding="UTF-8"?>
<!-- Generated by org.testng.reporters.JUnitXMLReporter -->
<testsuite ignored="0" hostname="LAPTOP-6RKQ1NV7" failures="0" tests="7" name="Swiper Slide Tests" time="20.54" errors="0" timestamp="2023-03-17T12:06:33 EET">
  <testcase classname="miroslavahristova.MHSeleniumFramework.StrypesTestBasic" name="tcClickLearnMore" time="4.883"/>
  <testcase classname="miroslavahristova.MHSeleniumFramework.StrypesTestBasic" name="tcOpenHomePageSlideFirst" time="1.285"/>
  <testcase classname="miroslavahristova.MHSeleniumFramework.StrypesTestBasic" name="tcPagBulletsEqualToSlideCount" time="0.224"/>
  <testcase classname="miroslavahristova.MHSeleniumFramework.StrypesTestBasic" name="tcSlideNavLeftNarrow" time="0.392"/>
  <testcase classname="miroslavahristova.MHSeleniumFramework.StrypesTestBasic" name="tcSlideNavRightNarrow" time="1.668"/>
  <testcase classname="miroslavahristova.MHSeleniumFramework.StrypesTestBasic" name="tcSlileAutoChange" time="7.302"/>
  <testcase classname="miroslavahristova.MHSeleniumFramework.StrypesTestBasic" name="tcSlilePaginationNav" time="0.17"/>
</testsuite> <!-- Swiper Slide Tests -->
